makeup_app/build/app/outputs/mapping/release/mapping.txt
# compiler: R8
# compiler_version: 1.5.64
# min_api: 24
# pg_map_id: d285c13
com.glamkit.MainActivity -> com.glamkit.MainActivity:
    void configureFlutterEngine(io.flutter.embedding.engine.FlutterEngine) -> b
...
com.google.protobuf.MessageInfo -> b.b.f.u0:
    boolean isMessageSetWireFormat() -> a
    com.google.protobuf.ProtoSyntax getSyntax() -> b
    com.google.protobuf.MessageLite getDefaultInstance() -> c
com.google.protobuf.MessageInfoFactory -> b.b.f.v0:
    com.google.protobuf.MessageInfo messageInfoFor(java.lang.Class) -> a
    boolean isSupported(java.lang.Class) -> b
com.google.protobuf.MessageLite -> b.b.f.w0:
    void writeTo(com.google.protobuf.CodedOutputStream) -> a
    void writeTo(java.io.OutputStream) -> a
    int getSerializedSize() -> d
    com.google.protobuf.MessageLite$Builder toBuilder() -> e
    byte[] toByteArray() -> f
    com.google.protobuf.MessageLite$Builder newBuilderForType() -> g
    com.google.protobuf.ByteString toByteString() -> h
    com.google.protobuf.Parser getParserForType() -> i
com.google.protobuf.MessageLite$Builder -> b.b.f.w0$a:
    com.google.protobuf.MessageLite$Builder mergeFrom(com.google.protobuf.MessageLite) -> a
    com.google.protobuf.MessageLite build() -> r
    com.google.protobuf.MessageLite buildPartial() -> y
com.google.protobuf.MessageLiteOrBuilder -> b.b.f.x0:
    boolean isInitialized() -> a
    com.google.protobuf.MessageLite getDefaultInstanceForType() -> b
com.google.protobuf.MessageLiteToString -> b.b.f.y0:
    java.lang.String camelCaseToSnakeCase(java.lang.String) -> a
    boolean isDefaultValue(java.lang.Object) -> a
    void printField(java.lang.StringBuilder,int,java.lang.String,java.lang.Object) -> a
    void reflectivePrintWithIndent(com.google.protobuf.MessageLite,java.lang.StringBuilder,int) -> a
    java.lang.String toString(com.google.protobuf.MessageLite,java.lang.String) -> a
com.google.protobuf.MessageSchema -> b.b.f.z0:
    java.lang.Object[] objects -> b
    int repeatedFieldOffsetStart -> l
    int[] EMPTY_INT_ARRAY -> r
    boolean useCachedSizeField -> i
    int checkInitializedCount -> k
    int maxFieldNumber -> d
    int[] buffer -> a
    com.google.protobuf.UnknownFieldSchema unknownFieldSchema -> o
    int minFieldNumber -> c
    com.google.protobuf.ListFieldSchema listFieldSchema -> n
    com.google.protobuf.ExtensionSchema extensionSchema -> p
    sun.misc.Unsafe UNSAFE -> s
    boolean hasExtensions -> f
    boolean lite -> g
    com.google.protobuf.MapFieldSchema mapFieldSchema -> q
    boolean proto3 -> h
    com.google.protobuf.NewInstanceSchema newInstanceSchema -> m
    int[] intArray -> j
    com.google.protobuf.MessageLite defaultInstance -> e
    boolean arePresentForEquals(java.lang.Object,java.lang.Object,int) -> a
    boolean booleanAt(java.lang.Object,long) -> a
    int decodeMapEntry(byte[],int,int,com.google.protobuf.MapEntryLite$Metadata,java.util.Map,com.google.protobuf.ArrayDecoders$Registers) -> a
    int decodeMapEntryValue(byte[],int,int,com.google.protobuf.WireFormat$FieldType,java.lang.Class,com.google.protobuf.ArrayDecoders$Registers) -> a
    boolean equals(java.lang.Object,java.lang.Object) -> a
    java.lang.Object filterMapUnknownEnumValues(java.lang.Object,int,java.lang.Object,com.google.protobuf.UnknownFieldSchema) -> a
com.google.protobuf.MessageSchema$1 -> b.b.f.z0$a:
    int[] $SwitchMap$com$google$protobuf$WireFormat$FieldType -> a